[debug] [2025-02-15T12:15:48.817Z] ----------------------------------------------------------------------
[debug] [2025-02-15T12:15:48.820Z] Command:       C:\Program Files\nodejs\node.exe C:\Users\jkrmarmol\AppData\Roaming\npm\node_modules\firebase-tools\lib\bin\firebase.js functions:shell
[debug] [2025-02-15T12:15:48.820Z] CLI Version:   13.30.0
[debug] [2025-02-15T12:15:48.820Z] Platform:      win32
[debug] [2025-02-15T12:15:48.821Z] Node Version:  v22.13.1
[debug] [2025-02-15T12:15:48.821Z] Time:          Sat Feb 15 2025 20:15:48 GMT+0800 (Philippine Standard Time)
[debug] [2025-02-15T12:15:48.821Z] ----------------------------------------------------------------------
[debug] 
[debug] [2025-02-15T12:15:49.004Z] Object "" in "firebase.json" has unknown property: {"additionalProperty":"react-native"}
[debug] [2025-02-15T12:15:49.009Z] > command requires scopes: ["email","openid","https://www.googleapis.com/auth/cloudplatformprojects.readonly","https://www.googleapis.com/auth/firebase","https://www.googleapis.com/auth/cloud-platform"]
[debug] [2025-02-15T12:15:49.009Z] > authorizing via signed-in user (jkurtrussellemarmol@gmail.com)
[debug] [2025-02-15T12:15:49.009Z] [iam] checking project care-ease for permissions ["firebase.projects.get"]
[debug] [2025-02-15T12:15:49.010Z] Checked if tokens are valid: true, expires at: 1739624524580
[debug] [2025-02-15T12:15:49.010Z] Checked if tokens are valid: true, expires at: 1739624524580
[debug] [2025-02-15T12:15:49.011Z] >>> [apiv2][query] POST https://cloudresourcemanager.googleapis.com/v1/projects/care-ease:testIamPermissions [none]
[debug] [2025-02-15T12:15:49.011Z] >>> [apiv2][(partial)header] POST https://cloudresourcemanager.googleapis.com/v1/projects/care-ease:testIamPermissions x-goog-quota-user=projects/care-ease
[debug] [2025-02-15T12:15:49.011Z] >>> [apiv2][body] POST https://cloudresourcemanager.googleapis.com/v1/projects/care-ease:testIamPermissions {"permissions":["firebase.projects.get"]}
[debug] [2025-02-15T12:15:49.927Z] <<< [apiv2][status] POST https://cloudresourcemanager.googleapis.com/v1/projects/care-ease:testIamPermissions 200
[debug] [2025-02-15T12:15:49.927Z] <<< [apiv2][body] POST https://cloudresourcemanager.googleapis.com/v1/projects/care-ease:testIamPermissions {"permissions":["firebase.projects.get"]}
[debug] [2025-02-15T12:15:49.931Z] defaultcredentials: writing to file C:\Users\jkrmarmol\AppData\Roaming\firebase\jkurtrussellemarmol_gmail_com_application_default_credentials.json
[debug] [2025-02-15T12:15:49.932Z] DEBUG: Setting GAC to C:\Users\jkrmarmol\AppData\Roaming\firebase\jkurtrussellemarmol_gmail_com_application_default_credentials.json
[debug] [2025-02-15T12:15:49.933Z] Checked if tokens are valid: true, expires at: 1739624524580
[debug] [2025-02-15T12:15:49.933Z] Checked if tokens are valid: true, expires at: 1739624524580
[debug] [2025-02-15T12:15:49.933Z] >>> [apiv2][query] GET https://firebase.googleapis.com/v1beta1/projects/care-ease/adminSdkConfig [none]
[debug] [2025-02-15T12:15:50.237Z] <<< [apiv2][status] GET https://firebase.googleapis.com/v1beta1/projects/care-ease/adminSdkConfig 200
[debug] [2025-02-15T12:15:50.237Z] <<< [apiv2][body] GET https://firebase.googleapis.com/v1beta1/projects/care-ease/adminSdkConfig {"projectId":"care-ease","databaseURL":"https://care-ease-default-rtdb.firebaseio.com","storageBucket":"care-ease.firebasestorage.app"}
[debug] [2025-02-15T12:15:50.256Z] [functions] Watching "C:\Users\jkrmarmol\Desktop\careease\functions" for Cloud Functions...
[debug] [2025-02-15T12:15:50.258Z] Validating nodejs source
[debug] [2025-02-15T12:15:51.061Z] > [functions] package.json contents: {
  "name": "functions",
  "scripts": {
    "lint": "eslint --ext .js,.ts .",
    "build": "tsc",
    "build:watch": "tsc --watch",
    "serve": "npm run build && firebase emulators:start --only functions",
    "shell": "npm run build && firebase functions:shell",
    "start": "npm run shell",
    "deploy": "firebase deploy --only functions",
    "logs": "firebase functions:log"
  },
  "engines": {
    "node": "22"
  },
  "main": "lib/index.js",
  "dependencies": {
    "firebase-admin": "^12.6.0",
    "firebase-functions": "^6.0.1"
  },
  "devDependencies": {
    "@typescript-eslint/eslint-plugin": "^5.12.0",
    "@typescript-eslint/parser": "^5.12.0",
    "eslint": "^8.9.0",
    "eslint-config-google": "^0.14.0",
    "eslint-plugin-import": "^2.25.4",
    "firebase-functions-test": "^3.1.0",
    "typescript": "^4.9.0"
  },
  "private": true
}
[debug] [2025-02-15T12:15:51.062Z] Building nodejs source
[debug] [2025-02-15T12:15:51.062Z] Failed to find version of module node: reached end of search path C:\Users\jkrmarmol\Desktop\careease\functions\node_modules
[info] +  functions: Using node@22 from host. 
[debug] [2025-02-15T12:15:51.064Z] Could not find functions.yaml. Must use http discovery
[debug] [2025-02-15T12:15:51.072Z] Found firebase-functions binary at 'C:\Users\jkrmarmol\Desktop\careease\functions\node_modules\.bin\firebase-functions'
[info] Serving at port 8875

[debug] [2025-02-15T12:15:51.414Z] Got response from /__/functions.yaml {"endpoints":{"helloWorld":{"availableMemoryMb":null,"timeoutSeconds":null,"minInstances":null,"maxInstances":null,"ingressSettings":null,"concurrency":null,"serviceAccountEmail":null,"vpc":null,"platform":"gcfv2","labels":{},"httpsTrigger":{},"entryPoint":"helloWorld"}},"specVersion":"v1alpha1","requiredAPIs":[],"extensions":{}}
[debug] [2025-02-15T12:15:53.963Z] [work-queue] {"queuedWork":["/care-ease/us-central1/helloWorld-2025-02-15T12:15:53.963Z"],"queueLength":1,"runningWork":[],"workRunningCount":0}
[debug] [2025-02-15T12:15:53.964Z] [work-queue] {"queuedWork":[],"queueLength":0,"runningWork":["/care-ease/us-central1/helloWorld-2025-02-15T12:15:53.963Z"],"workRunningCount":1}
[debug] [2025-02-15T12:15:53.965Z] [work-queue] {"queuedWork":[],"queueLength":0,"runningWork":[],"workRunningCount":0}
[debug] [2025-02-15T12:15:54.861Z] [work-queue] {"queuedWork":["/care-ease/us-central1/helloWorld-2025-02-15T12:15:54.861Z"],"queueLength":1,"runningWork":[],"workRunningCount":0}
[debug] [2025-02-15T12:15:54.861Z] [work-queue] {"queuedWork":[],"queueLength":0,"runningWork":["/care-ease/us-central1/helloWorld-2025-02-15T12:15:54.861Z"],"workRunningCount":1}
[debug] [2025-02-15T12:15:54.862Z] [work-queue] {"queuedWork":[],"queueLength":0,"runningWork":[],"workRunningCount":0}
[debug] [2025-02-15T12:15:55.452Z] [functions] Loaded functions definitions from source: helloWorld.
[debug] [2025-02-15T12:15:55.453Z] [functions[us-central1-helloWorld]] http function initialized (http://192.168.100.95:5001/care-ease/us-central1/helloWorld).
[info] i  functions: Loaded functions: helloWorld 
[warn] !  functions: The following emulators are not running, calls to these services will affect production: firestore, database, pubsub, storage, eventarc, tasks 
[debug] [2025-02-15T12:15:55.518Z] [work-queue] {"queuedWork":["/care-ease/us-central1/helloWorld-2025-02-15T12:15:55.518Z"],"queueLength":1,"runningWork":[],"workRunningCount":0}
[debug] [2025-02-15T12:15:55.518Z] [work-queue] {"queuedWork":[],"queueLength":0,"runningWork":["/care-ease/us-central1/helloWorld-2025-02-15T12:15:55.518Z"],"workRunningCount":1}
[debug] [2025-02-15T12:15:55.519Z] Accepted request GET /care-ease/us-central1/helloWorld --> us-central1-helloWorld
[debug] [2025-02-15T12:15:55.520Z] DEBUG: [functions] Runtime ready! Sending request!
[debug] [2025-02-15T12:15:55.521Z] DEBUG: [functions] Got req.url=/care-ease/us-central1/helloWorld, mapping to path=/
[debug] [2025-02-15T12:15:55.529Z] DEBUG: [worker-pool] addWorker(us-central1-helloWorld)
[debug] [2025-02-15T12:15:55.529Z] DEBUG: [worker-pool] Adding worker with key us-central1-helloWorld, total=1
[info] >  (node:27260) [DEP0040] DeprecationWarning: The `punycode` module is deprecated. Please use a userland alternative instead. {"user":"(node:27260) [DEP0040] DeprecationWarning: The `punycode` module is deprecated. Please use a userland alternative instead.","metadata":{"emulator":{"name":"functions"},"function":{"name":"us-central1-helloWorld"},"extension":{},"message":"\u001b[90m> \u001b[39m (node:27260) [DEP0040] DeprecationWarning: The `punycode` module is deprecated. Please use a userland alternative instead."}}
[info] >  (Use `node --trace-deprecation ...` to show where the warning was created) {"user":"(Use `node --trace-deprecation ...` to show where the warning was created)","metadata":{"emulator":{"name":"functions"},"function":{"name":"us-central1-helloWorld"},"extension":{},"message":"\u001b[90m> \u001b[39m (Use `node --trace-deprecation ...` to show where the warning was created)"}}
[debug] [2025-02-15T12:15:56.593Z] DEBUG: [runtime-status] [27260] Resolved module firebase-admin {"declared":true,"installed":true,"version":"12.7.0","resolution":"C:\\Users\\jkrmarmol\\Desktop\\careease\\functions\\node_modules\\firebase-admin\\lib\\index.js"}
[debug] [2025-02-15T12:15:56.594Z] DEBUG: [runtime-status] [27260] Resolved module firebase-functions {"declared":true,"installed":true,"version":"6.3.2","resolution":"C:\\Users\\jkrmarmol\\Desktop\\careease\\functions\\node_modules\\firebase-functions\\lib\\v2\\index.js"}
[debug] [2025-02-15T12:15:56.594Z] DEBUG: [runtime-status] [27260] Outgoing network have been stubbed. [{"name":"http","status":"mocked"},{"name":"http","status":"mocked"},{"name":"https","status":"mocked"},{"name":"https","status":"mocked"},{"name":"net","status":"mocked"}]
[debug] [2025-02-15T12:15:56.595Z] DEBUG: [runtime-status] [27260] Resolved module firebase-functions {"declared":true,"installed":true,"version":"6.3.2","resolution":"C:\\Users\\jkrmarmol\\Desktop\\careease\\functions\\node_modules\\firebase-functions\\lib\\v2\\index.js"}
[debug] [2025-02-15T12:15:56.859Z] DEBUG: [runtime-status] [27260] Checked functions.config() {"config":{}}
[debug] [2025-02-15T12:15:56.859Z] DEBUG: [runtime-status] [27260] firebase-functions has been stubbed. {"functionsResolution":{"declared":true,"installed":true,"version":"6.3.2","resolution":"C:\\Users\\jkrmarmol\\Desktop\\careease\\functions\\node_modules\\firebase-functions\\lib\\v2\\index.js"}}
[debug] [2025-02-15T12:15:56.859Z] DEBUG: [runtime-status] [27260] Resolved module firebase-functions {"declared":true,"installed":true,"version":"6.3.2","resolution":"C:\\Users\\jkrmarmol\\Desktop\\careease\\functions\\node_modules\\firebase-functions\\lib\\v2\\index.js"}
[debug] [2025-02-15T12:15:56.862Z] DEBUG: [runtime-status] [27260] Resolved module firebase-admin {"declared":true,"installed":true,"version":"12.7.0","resolution":"C:\\Users\\jkrmarmol\\Desktop\\careease\\functions\\node_modules\\firebase-admin\\lib\\index.js"}
[debug] [2025-02-15T12:15:56.864Z] DEBUG: [runtime-status] [27260] Resolved module firebase-functions {"declared":true,"installed":true,"version":"6.3.2","resolution":"C:\\Users\\jkrmarmol\\Desktop\\careease\\functions\\node_modules\\firebase-functions\\lib\\v2\\index.js"}
[debug] [2025-02-15T12:15:56.864Z] DEBUG: [runtime-status] [27260] firebase-admin has been stubbed. {"adminResolution":{"declared":true,"installed":true,"version":"12.7.0","resolution":"C:\\Users\\jkrmarmol\\Desktop\\careease\\functions\\node_modules\\firebase-admin\\lib\\index.js"}}
[debug] [2025-02-15T12:15:56.874Z] DEBUG: [runtime-status] [27260] Functions runtime initialized. {"cwd":"C:\\Users\\jkrmarmol\\Desktop\\careease\\functions","node_version":"22.13.1"}
[debug] [2025-02-15T12:15:56.874Z] DEBUG: [runtime-status] [27260] Listening to port: \\?\pipe\fire_emu_c618db7742cf9878
[debug] [2025-02-15T12:15:56.950Z] DEBUG: [worker-us-central1-helloWorld-f9556fb4-36d5-47b4-94b5-d0b0b2ef20a2]: IDLE
[debug] [2025-02-15T12:15:56.950Z] DEBUG: [worker-pool] submitRequest(triggerId=us-central1-helloWorld)
[debug] [2025-02-15T12:15:56.950Z] [functions] Beginning execution of "us-central1-helloWorld"
[debug] [2025-02-15T12:15:56.950Z] DEBUG: [worker-us-central1-helloWorld-f9556fb4-36d5-47b4-94b5-d0b0b2ef20a2]: BUSY
[debug] [2025-02-15T12:15:56.956Z] DEBUG: Finishing up request with event=pause
[debug] [2025-02-15T12:15:56.956Z] [functions] Finished "us-central1-helloWorld" in 5.5619ms
[debug] [2025-02-15T12:15:56.956Z] DEBUG: [worker-us-central1-helloWorld-f9556fb4-36d5-47b4-94b5-d0b0b2ef20a2]: IDLE
[debug] [2025-02-15T12:15:56.956Z] DEBUG: Finishing up request with event=finish
[debug] [2025-02-15T12:15:56.956Z] DEBUG: Finishing up request with event=close
[debug] [2025-02-15T12:15:56.956Z] [work-queue] {"queuedWork":[],"queueLength":0,"runningWork":[],"workRunningCount":0}
[debug] [2025-02-15T12:16:03.255Z] [work-queue] {"queuedWork":["/care-ease/us-central1/helloWorld-2025-02-15T12:16:03.255Z"],"queueLength":1,"runningWork":[],"workRunningCount":0}
[debug] [2025-02-15T12:16:03.255Z] [work-queue] {"queuedWork":[],"queueLength":0,"runningWork":["/care-ease/us-central1/helloWorld-2025-02-15T12:16:03.255Z"],"workRunningCount":1}
[debug] [2025-02-15T12:16:03.255Z] Accepted request GET /care-ease/us-central1/helloWorld --> us-central1-helloWorld
[debug] [2025-02-15T12:16:03.257Z] DEBUG: [functions] Runtime ready! Sending request!
[debug] [2025-02-15T12:16:03.258Z] DEBUG: [functions] Got req.url=/care-ease/us-central1/helloWorld, mapping to path=/
[debug] [2025-02-15T12:16:03.258Z] DEBUG: [worker-pool] submitRequest(triggerId=us-central1-helloWorld)
[debug] [2025-02-15T12:16:03.258Z] [functions] Beginning execution of "us-central1-helloWorld"
[debug] [2025-02-15T12:16:03.258Z] DEBUG: [worker-us-central1-helloWorld-f9556fb4-36d5-47b4-94b5-d0b0b2ef20a2]: BUSY
[debug] [2025-02-15T12:16:03.260Z] DEBUG: Finishing up request with event=pause
[debug] [2025-02-15T12:16:03.260Z] [functions] Finished "us-central1-helloWorld" in 2.0523ms
[debug] [2025-02-15T12:16:03.260Z] DEBUG: [worker-us-central1-helloWorld-f9556fb4-36d5-47b4-94b5-d0b0b2ef20a2]: IDLE
[debug] [2025-02-15T12:16:03.260Z] DEBUG: Finishing up request with event=finish
[debug] [2025-02-15T12:16:03.260Z] DEBUG: Finishing up request with event=close
[debug] [2025-02-15T12:16:03.260Z] [work-queue] {"queuedWork":[],"queueLength":0,"runningWork":[],"workRunningCount":0}
[debug] [2025-02-15T12:18:18.685Z] DEBUG: File C:\Users\jkrmarmol\Desktop\careease\functions\src\index.ts changed, reloading triggers
[debug] [2025-02-15T12:18:19.699Z] Validating nodejs source
[debug] [2025-02-15T12:18:20.462Z] > [functions] package.json contents: {
  "name": "functions",
  "scripts": {
    "lint": "eslint --ext .js,.ts .",
    "build": "tsc",
    "build:watch": "tsc --watch",
    "serve": "npm run build && firebase emulators:start --only functions",
    "shell": "npm run build && firebase functions:shell",
    "start": "npm run shell",
    "deploy": "firebase deploy --only functions",
    "logs": "firebase functions:log"
  },
  "engines": {
    "node": "22"
  },
  "main": "lib/index.js",
  "dependencies": {
    "firebase-admin": "^12.6.0",
    "firebase-functions": "^6.0.1"
  },
  "devDependencies": {
    "@typescript-eslint/eslint-plugin": "^5.12.0",
    "@typescript-eslint/parser": "^5.12.0",
    "eslint": "^8.9.0",
    "eslint-config-google": "^0.14.0",
    "eslint-plugin-import": "^2.25.4",
    "firebase-functions-test": "^3.1.0",
    "typescript": "^4.9.0"
  },
  "private": true
}
[debug] [2025-02-15T12:18:20.462Z] Building nodejs source
[debug] [2025-02-15T12:18:20.462Z] Failed to find version of module node: reached end of search path C:\Users\jkrmarmol\Desktop\careease\functions\node_modules
[info] +  functions: Using node@22 from host. 
[debug] [2025-02-15T12:18:20.463Z] Could not find functions.yaml. Must use http discovery
[debug] [2025-02-15T12:18:20.469Z] Found firebase-functions binary at 'C:\Users\jkrmarmol\Desktop\careease\functions\node_modules\.bin\firebase-functions'
[info] Serving at port 8441

[debug] [2025-02-15T12:18:20.763Z] Got response from /__/functions.yaml {"endpoints":{"helloWorld":{"availableMemoryMb":null,"timeoutSeconds":null,"minInstances":null,"maxInstances":null,"ingressSettings":null,"concurrency":null,"serviceAccountEmail":null,"vpc":null,"platform":"gcfv2","labels":{},"httpsTrigger":{},"entryPoint":"helloWorld"}},"specVersion":"v1alpha1","requiredAPIs":[],"extensions":{}}
[debug] [2025-02-15T12:18:24.801Z] [functions] Loaded functions definitions from source: helloWorld.
[debug] [2025-02-15T12:18:24.802Z] DEBUG: [worker-pool] Shutting down IDLE worker (us-central1-helloWorld)
[debug] [2025-02-15T12:18:24.802Z] DEBUG: [worker-us-central1-helloWorld-f9556fb4-36d5-47b4-94b5-d0b0b2ef20a2]: FINISHING
[debug] [2025-02-15T12:18:24.811Z] DEBUG: [worker-us-central1-helloWorld-f9556fb4-36d5-47b4-94b5-d0b0b2ef20a2]: exited
[debug] [2025-02-15T12:18:24.811Z] DEBUG: [worker-us-central1-helloWorld-f9556fb4-36d5-47b4-94b5-d0b0b2ef20a2]: FINISHED
